INFO [2020-04-06 19:22:02] $x
INFO [2020-04-06 19:22:02] list(mvn.genes, svn.genes, rvn.genes)
INFO [2020-04-06 19:22:02] 
INFO [2020-04-06 19:22:02] $category.names
INFO [2020-04-06 19:22:02] c("MT", "SBP", "RTMT")
INFO [2020-04-06 19:22:02] 
INFO [2020-04-06 19:22:02] $filename
INFO [2020-04-06 19:22:02] NULL
INFO [2020-04-06 19:22:02] 
INFO [2020-04-06 19:22:02] $lwd
INFO [2020-04-06 19:22:02] [1] 2
INFO [2020-04-06 19:22:02] 
INFO [2020-04-06 19:22:02] $lty
INFO [2020-04-06 19:22:02] [1] "blank"
INFO [2020-04-06 19:22:02] 
INFO [2020-04-06 19:22:02] $fill
INFO [2020-04-06 19:22:02] venn.cols
INFO [2020-04-06 19:22:02] 
INFO [2020-04-06 19:22:02] $fontface
INFO [2020-04-06 19:22:02] [1] "bold"
INFO [2020-04-06 19:22:02] 
INFO [2020-04-06 19:22:02] $fontfamily
INFO [2020-04-06 19:22:02] [1] "sans"
INFO [2020-04-06 19:22:02] 
INFO [2020-04-06 19:22:02] $cat.fontface
INFO [2020-04-06 19:22:02] [1] "bold"
INFO [2020-04-06 19:22:02] 
INFO [2020-04-06 19:22:02] $cat.default.pos
INFO [2020-04-06 19:22:02] [1] "outer"
INFO [2020-04-06 19:22:02] 
INFO [2020-04-06 19:22:02] $cat.pos
INFO [2020-04-06 19:22:02] c(-27, 27, 135)
INFO [2020-04-06 19:22:02] 
INFO [2020-04-06 19:22:02] $cat.dist
INFO [2020-04-06 19:22:02] c(0.055, 0.055, 0.085)
INFO [2020-04-06 19:22:02] 
INFO [2020-04-06 19:22:02] $cat.fontfamily
INFO [2020-04-06 19:22:02] [1] "sans"
INFO [2020-04-06 19:22:02] 
INFO [2020-04-06 19:22:02] $rotation
INFO [2020-04-06 19:22:02] [1] 1
INFO [2020-04-06 19:22:02] 
